<?xml version="1.0" encoding="UTF-8"?>
<!-- Generated by org.testng.reporters.JUnitReportReporter -->
<testsuite skipped="0" hostname="LAPTOP-Q1JS9RGK" name="HW.Work.AppTestFour" tests="1" failures="0" timestamp="16 Oct 2017 23:40:16 GMT" time="14.561" errors="0">
  <testcase name="testCart" time="14.561" classname="HW.Work.AppTestFour"/>
</testsuite> <!-- HW.Work.AppTestFour -->
