<?xml version="1.0" encoding="UTF-8"?>
<!-- Generated by org.testng.reporters.JUnitReportReporter -->
<testsuite skipped="0" hostname="LAPTOP-Q1JS9RGK" name="HW.Work.AppTest" tests="1" failures="0" timestamp="16 Oct 2017 22:56:55 GMT" time="18.192" errors="0">
  <testcase name="testSignIn" time="18.192" classname="HW.Work.AppTest"/>
</testsuite> <!-- HW.Work.AppTest -->
