<?xml version="1.0" encoding="UTF-8"?>
<!-- Generated by org.testng.reporters.JUnitReportReporter -->
<testsuite skipped="0" hostname="LAPTOP-Q1JS9RGK" name="HW.Work.AppTest" tests="1" failures="0" timestamp="17 Oct 2017 01:31:04 GMT" time="27.112" errors="0">
  <testcase name="testRegister" time="27.112" classname="HW.Work.AppTest"/>
</testsuite> <!-- HW.Work.AppTest -->
