<?xml version="1.0" encoding="UTF-8"?>
<!-- Generated by org.testng.reporters.JUnitReportReporter -->
<testsuite skipped="0" hostname="LAPTOP-Q1JS9RGK" name="HW.Work.AppTestFive" tests="1" failures="0" timestamp="17 Oct 2017 01:13:15 GMT" time="15.286" errors="0">
  <testcase name="testSearch" time="15.286" classname="HW.Work.AppTestFive"/>
</testsuite> <!-- HW.Work.AppTestFive -->
